<?xml version="1.0" encoding="UTF-8"?>
<!-- Generated by org.testng.reporters.JUnitXMLReporter -->
<testsuite ignored="6" hostname="DESKTOP-IHIJH93" failures="0" tests="3" name="Test" time="50.049" errors="0" timestamp="2022-08-19T00:30:04 IST">
  <testcase classname="com.actitime.testscript.CustomerModule" name="createCustomer" time="0.007"/>
  <testcase classname="com.actitime.testscript.TaskModule" name="createTask" time="0.002"/>
  <testcase classname="com.actitime.testscript.TaskModule" name="deleteTask" time="0.002"/>
  <testcase classname="com.actitime.testscript.TaskModule" name="modifyTask" time="0.0">
    <ignored/>
  </testcase> <!-- modifyTask -->
  <testcase classname="com.actitime.testscript.ProjectModule" name="deleteProject" time="0.0">
    <ignored/>
  </testcase> <!-- deleteProject -->
  <testcase classname="com.actitime.testscript.CustomerModule" name="modifyCustomer" time="0.0">
    <ignored/>
  </testcase> <!-- modifyCustomer -->
  <testcase classname="com.actitime.testscript.CustomerModule" name="deleteCustomer" time="0.0">
    <ignored/>
  </testcase> <!-- deleteCustomer -->
  <testcase classname="com.actitime.testscript.ProjectModule" name="createProject" time="0.0">
    <ignored/>
  </testcase> <!-- createProject -->
  <testcase classname="com.actitime.testscript.ProjectModule" name="modifyProject" time="0.0">
    <ignored/>
  </testcase> <!-- modifyProject -->
</testsuite> <!-- Test -->
