<?xml version="1.0" encoding="UTF-8"?>
<testng-results ignored="0" total="1" passed="1" failed="0" skipped="0">
  <reporter-output>
    <line>
      <![CDATA[Hiiii]]>
    </line>
    <line>
      <![CDATA[Hiiii hw]]>
    </line>
    <line>
      <![CDATA[Hiiii hw r uh]]>
    </line>
  </reporter-output>
  <suite started-at="2022-09-14T22:23:48 IST" name="Default suite" finished-at="2022-09-14T22:23:48 IST" duration-ms="26">
    <groups>
    </groups>
    <test started-at="2022-09-14T22:23:48 IST" name="Default test" finished-at="2022-09-14T22:23:48 IST" duration-ms="26">
      <class name="com.actitime.testscript.DemoDebugger">
        <test-method signature="demo()[pri:0, instance:com.actitime.testscript.DemoDebugger@6fe7aac8]" started-at="2022-09-14T22:23:48 IST" name="demo" finished-at="2022-09-14T22:23:48 IST" duration-ms="6" status="PASS">
          <reporter-output>
            <line>
              <![CDATA[Hiiii]]>
            </line>
            <line>
              <![CDATA[Hiiii hw]]>
            </line>
            <line>
              <![CDATA[Hiiii hw r uh]]>
            </line>
          </reporter-output>
        </test-method> <!-- demo -->
      </class> <!-- com.actitime.testscript.DemoDebugger -->
    </test> <!-- Default test -->
  </suite> <!-- Default suite -->
</testng-results>
