<?xml version="1.0" encoding="UTF-8"?>
<!-- Generated by org.testng.reporters.JUnitReportReporter -->
<testsuite hostname="DESKTOP-IHIJH93" failures="0" tests="5" name="practice.Sample1" time="0.014" errors="0" timestamp="2022-10-13T23:47:23 IST" skipped="0">
  <testcase classname="practice.Sample1" name="modifyCustomer" time="0.002"/>
  <system-out/>
  <testcase classname="practice.Sample1" name="deleteCustomer" time="0.001"/>
  <system-out/>
  <testcase classname="practice.Sample1" name="createCustomer" time="0.007"/>
  <system-out/>
  <testcase classname="practice.Sample1" name="createCustomer" time="0.001"/>
  <system-out/>
  <testcase classname="practice.Sample1" name="createCustomer" time="0.003"/>
  <system-out/>
</testsuite> <!-- practice.Sample1 -->
