<?xml version="1.0" encoding="UTF-8"?>
<!-- Generated by org.testng.reporters.JUnitReportReporter -->
<testsuite hostname="DESKTOP-IHIJH93" failures="0" tests="5" name="practice.DataProviderEx" time="0.005" errors="0" timestamp="2022-10-13T23:46:48 IST" skipped="0">
  <testcase classname="practice.DataProviderEx" name="location" time="0.003"/>
  <system-out/>
  <testcase classname="practice.DataProviderEx" name="location" time="0.000"/>
  <system-out/>
  <testcase classname="practice.DataProviderEx" name="location" time="0.001"/>
  <system-out/>
  <testcase classname="practice.DataProviderEx" name="location" time="0.000"/>
  <system-out/>
  <testcase classname="practice.DataProviderEx" name="location" time="0.001"/>
  <system-out/>
</testsuite> <!-- practice.DataProviderEx -->
