<?xml version="1.0" encoding="UTF-8"?>
<!-- Generated by org.testng.reporters.JUnitReportReporter -->
<testsuite hostname="DESKTOP-IHIJH93" failures="0" tests="1" name="com.crm.campaign.CreateCampaignWithProductTest" time="18.973" errors="0" timestamp="2022-10-10T18:35:50 IST" skipped="0">
  <testcase classname="com.crm.campaign.CreateCampaignWithProductTest" name="createCampaignWithProductTest" time="18.973"/>
  <system-out/>
</testsuite> <!-- com.crm.campaign.CreateCampaignWithProductTest -->
