<?xml version="1.0" encoding="UTF-8"?>
<!-- Generated by org.testng.reporters.JUnitReportReporter -->
<testsuite hostname="DESKTOP-IHIJH93" failures="0" tests="3" name="practice.Sample2" time="0.009" errors="0" timestamp="2022-10-13T23:47:29 IST" skipped="0">
  <testcase classname="practice.Sample2" name="modifyCustomerTest" time="0.000"/>
  <system-out/>
  <testcase classname="practice.Sample2" name="createCustomerTest" time="0.007"/>
  <system-out/>
  <testcase classname="practice.Sample2" name="deleteCustomerTest" time="0.002"/>
  <system-out/>
</testsuite> <!-- practice.Sample2 -->
