<?xml version="1.0" encoding="UTF-8"?>
<!-- Generated by org.testng.reporters.JUnitReportReporter -->
<testsuite hostname="DESKTOP-IHIJH93" failures="0" tests="3" name="practice.DataProviderTest" time="42.921" errors="0" timestamp="2022-10-14T11:37:37 IST" skipped="0">
  <testcase classname="practice.DataProviderTest" name="companyDetails" time="14.100"/>
  <system-out/>
  <testcase classname="practice.DataProviderTest" name="companyDetails" time="13.652"/>
  <system-out/>
  <testcase classname="practice.DataProviderTest" name="companyDetails" time="15.169"/>
  <system-out/>
</testsuite> <!-- practice.DataProviderTest -->
