<?xml version="1.0" encoding="UTF-8"?>
<!-- Generated by org.testng.reporters.JUnitXMLReporter -->
<testsuite ignored="0" hostname="DESKTOP-IHIJH93" failures="1" tests="1" name="Default test(failed)" time="0.04" errors="0" timestamp="2022-10-11T18:41:25 IST">
  <testcase classname="practice.ParameterTestTest" name="pMethodTest" time="0.006">
    <failure type="java.lang.NullPointerException" message="Cannot invoke &amp;quot;String.equalsIgnoreCase(String)&amp;quot; because &amp;quot;browser&amp;quot; is null">
      <![CDATA[java.lang.NullPointerException: Cannot invoke "String.equalsIgnoreCase(String)" because "browser" is null
at practice.ParameterTestTest.pMethodTest(ParameterTestTest.java:19)
at java.base/java.util.ArrayList.forEach(ArrayList.java:1511)
... Removed 27 stack frames]]>
    </failure>
  </testcase> <!-- pMethodTest -->
</testsuite> <!-- Default test(failed) -->
