<?xml version="1.0" encoding="UTF-8"?>
<testng-results ignored="0" total="1" passed="1" failed="0" skipped="0">
  <reporter-output>
  </reporter-output>
  <suite started-at="2022-10-18T05:31:42Z" name="Default suite" finished-at="2022-10-18T05:31:42Z" duration-ms="30">
    <groups>
    </groups>
    <test started-at="2022-10-18T05:31:42Z" name="Default test" finished-at="2022-10-18T05:31:42Z" duration-ms="30">
      <class name="com.crm.SeleniumFrameworkTY.Practice">
        <test-method signature="m1()[pri:0, instance:com.crm.SeleniumFrameworkTY.Practice@479ceda0]" started-at="2022-10-18T05:31:42Z" name="m1" finished-at="2022-10-18T05:31:42Z" duration-ms="12" status="PASS">
          <reporter-output>
          </reporter-output>
        </test-method> <!-- m1 -->
      </class> <!-- com.crm.SeleniumFrameworkTY.Practice -->
    </test> <!-- Default test -->
  </suite> <!-- Default suite -->
</testng-results>
