<?xml version="1.0" encoding="UTF-8"?>
<testng-results ignored="16" total="21" passed="5" failed="0" skipped="0">
  <reporter-output>
  </reporter-output>
  <suite started-at="2022-10-18T12:01:16 IST" name="Suite" finished-at="2022-10-18T12:02:10 IST" duration-ms="53634">
    <groups>
      <group name="regressionTest">
        <method signature="CreateAndDeleteProductTest.createAndDeleteProductTest()[pri:0, instance:com.crm.product.CreateAndDeleteProductTest@3e11f9e9]" name="createAndDeleteProductTest" class="com.crm.product.CreateAndDeleteProductTest"/>
        <method signature="CreateOrganizationTest.createOrganizationTest()[pri:0, instance:com.crm.organization.CreateOrganizationTest@31fa1761]" name="createOrganizationTest" class="com.crm.organization.CreateOrganizationTest"/>
      </group> <!-- regressionTest -->
      <group name="smokeTest">
        <method signature="CreateCampaignTest.createCampaignTest()[pri:0, instance:com.crm.campaign.CreateCampaignTest@729d991e]" name="createCampaignTest" class="com.crm.campaign.CreateCampaignTest"/>
        <method signature="CreateCampaignWithProductTest.createCampaignWithProductTest()[pri:0, instance:com.crm.campaign.CreateCampaignWithProductTest@3c7f66c4]" name="createCampaignWithProductTest" class="com.crm.campaign.CreateCampaignWithProductTest"/>
        <method signature="CreateProductTest.createProductTest()[pri:0, instance:com.crm.product.CreateProductTest@1de5f259]" name="createProductTest" class="com.crm.product.CreateProductTest"/>
      </group> <!-- smokeTest -->
    </groups>
    <test started-at="2022-10-18T12:01:16 IST" name="Test" finished-at="2022-10-18T12:02:10 IST" duration-ms="53634">
      <class name="com.crm.organization.CreateOrganizationTest">
        <test-method is-config="true" signature="BC()[pri:0, instance:com.crm.organization.CreateOrganizationTest@31fa1761]" started-at="2022-10-18T12:02:00 IST" name="BC" finished-at="2022-10-18T12:02:00 IST" duration-ms="702" status="PASS">
          <reporter-output>
          </reporter-output>
        </test-method> <!-- BC -->
        <test-method is-config="true" signature="BM()[pri:0, instance:com.crm.organization.CreateOrganizationTest@31fa1761]" started-at="2022-10-18T12:02:00 IST" name="BM" finished-at="2022-10-18T12:02:03 IST" duration-ms="2392" status="PASS">
          <reporter-output>
          </reporter-output>
        </test-method> <!-- BM -->
        <test-method signature="createOrganizationTest()[pri:0, instance:com.crm.organization.CreateOrganizationTest@31fa1761]" started-at="2022-10-18T12:02:03 IST" name="createOrganizationTest" finished-at="2022-10-18T12:02:08 IST" duration-ms="5746" status="PASS">
          <reporter-output>
          </reporter-output>
        </test-method> <!-- createOrganizationTest -->
        <test-method is-config="true" signature="AM()[pri:0, instance:com.crm.organization.CreateOrganizationTest@31fa1761]" started-at="2022-10-18T12:02:08 IST" name="AM" finished-at="2022-10-18T12:02:09 IST" duration-ms="1009" status="PASS">
          <reporter-output>
          </reporter-output>
        </test-method> <!-- AM -->
        <test-method is-config="true" signature="AC()[pri:0, instance:com.crm.organization.CreateOrganizationTest@31fa1761]" started-at="2022-10-18T12:02:09 IST" name="AC" finished-at="2022-10-18T12:02:10 IST" duration-ms="95" status="PASS">
          <reporter-output>
          </reporter-output>
        </test-method> <!-- AC -->
      </class> <!-- com.crm.organization.CreateOrganizationTest -->
      <class name="com.crm.campaign.CreateCampaignTest">
        <test-method is-config="true" signature="BC()[pri:0, instance:com.crm.campaign.CreateCampaignTest@729d991e]" started-at="2022-10-18T12:01:51 IST" name="BC" finished-at="2022-10-18T12:01:51 IST" duration-ms="679" status="PASS">
          <reporter-output>
          </reporter-output>
        </test-method> <!-- BC -->
        <test-method is-config="true" signature="BM()[pri:0, instance:com.crm.campaign.CreateCampaignTest@729d991e]" started-at="2022-10-18T12:01:51 IST" name="BM" finished-at="2022-10-18T12:01:54 IST" duration-ms="2288" status="PASS">
          <reporter-output>
          </reporter-output>
        </test-method> <!-- BM -->
        <test-method signature="createCampaignTest()[pri:0, instance:com.crm.campaign.CreateCampaignTest@729d991e]" started-at="2022-10-18T12:01:54 IST" name="createCampaignTest" finished-at="2022-10-18T12:01:59 IST" duration-ms="4888" status="PASS">
          <reporter-output>
          </reporter-output>
        </test-method> <!-- createCampaignTest -->
        <test-method is-config="true" signature="AM()[pri:0, instance:com.crm.campaign.CreateCampaignTest@729d991e]" started-at="2022-10-18T12:01:59 IST" name="AM" finished-at="2022-10-18T12:02:00 IST" duration-ms="916" status="PASS">
          <reporter-output>
          </reporter-output>
        </test-method> <!-- AM -->
        <test-method is-config="true" signature="AC()[pri:0, instance:com.crm.campaign.CreateCampaignTest@729d991e]" started-at="2022-10-18T12:02:00 IST" name="AC" finished-at="2022-10-18T12:02:00 IST" duration-ms="90" status="PASS">
          <reporter-output>
          </reporter-output>
        </test-method> <!-- AC -->
      </class> <!-- com.crm.campaign.CreateCampaignTest -->
      <class name="com.crm.product.CreateAndDeleteProductTest">
        <test-method is-config="true" signature="BC()[pri:0, instance:com.crm.product.CreateAndDeleteProductTest@3e11f9e9]" started-at="2022-10-18T12:01:31 IST" name="BC" finished-at="2022-10-18T12:01:32 IST" duration-ms="715" status="PASS">
          <reporter-output>
          </reporter-output>
        </test-method> <!-- BC -->
        <test-method is-config="true" signature="BM()[pri:0, instance:com.crm.product.CreateAndDeleteProductTest@3e11f9e9]" started-at="2022-10-18T12:01:32 IST" name="BM" finished-at="2022-10-18T12:01:34 IST" duration-ms="2293" status="PASS">
          <reporter-output>
          </reporter-output>
        </test-method> <!-- BM -->
        <test-method signature="createAndDeleteProductTest()[pri:0, instance:com.crm.product.CreateAndDeleteProductTest@3e11f9e9]" started-at="2022-10-18T12:01:34 IST" name="createAndDeleteProductTest" finished-at="2022-10-18T12:01:39 IST" duration-ms="5112" status="PASS">
          <reporter-output>
          </reporter-output>
        </test-method> <!-- createAndDeleteProductTest -->
        <test-method is-config="true" signature="AM()[pri:0, instance:com.crm.product.CreateAndDeleteProductTest@3e11f9e9]" started-at="2022-10-18T12:01:39 IST" name="AM" finished-at="2022-10-18T12:01:42 IST" duration-ms="2414" status="PASS">
          <reporter-output>
          </reporter-output>
        </test-method> <!-- AM -->
        <test-method is-config="true" signature="AC()[pri:0, instance:com.crm.product.CreateAndDeleteProductTest@3e11f9e9]" started-at="2022-10-18T12:01:42 IST" name="AC" finished-at="2022-10-18T12:01:42 IST" duration-ms="118" status="PASS">
          <reporter-output>
          </reporter-output>
        </test-method> <!-- AC -->
      </class> <!-- com.crm.product.CreateAndDeleteProductTest -->
      <class name="com.crm.campaign.CreateCampaignWithProductTest">
        <test-method is-config="true" signature="BS()[pri:0, instance:com.crm.campaign.CreateCampaignWithProductTest@3c7f66c4]" started-at="2022-10-18T12:01:16 IST" name="BS" finished-at="2022-10-18T12:01:16 IST" duration-ms="5" status="PASS">
          <reporter-output>
          </reporter-output>
        </test-method> <!-- BS -->
        <test-method is-config="true" signature="BT()[pri:0, instance:com.crm.campaign.CreateCampaignWithProductTest@3c7f66c4]" started-at="2022-10-18T12:01:16 IST" name="BT" finished-at="2022-10-18T12:01:16 IST" duration-ms="0" status="PASS">
          <reporter-output>
          </reporter-output>
        </test-method> <!-- BT -->
        <test-method is-config="true" signature="BC()[pri:0, instance:com.crm.campaign.CreateCampaignWithProductTest@3c7f66c4]" started-at="2022-10-18T12:01:16 IST" name="BC" finished-at="2022-10-18T12:01:17 IST" duration-ms="1161" status="PASS">
          <reporter-output>
          </reporter-output>
        </test-method> <!-- BC -->
        <test-method is-config="true" signature="BM()[pri:0, instance:com.crm.campaign.CreateCampaignWithProductTest@3c7f66c4]" started-at="2022-10-18T12:01:17 IST" name="BM" finished-at="2022-10-18T12:01:19 IST" duration-ms="2312" status="PASS">
          <reporter-output>
          </reporter-output>
        </test-method> <!-- BM -->
        <test-method signature="createCampaignWithProductTest()[pri:0, instance:com.crm.campaign.CreateCampaignWithProductTest@3c7f66c4]" started-at="2022-10-18T12:01:19 IST" name="createCampaignWithProductTest" finished-at="2022-10-18T12:01:30 IST" duration-ms="10551" status="PASS">
          <reporter-output>
          </reporter-output>
        </test-method> <!-- createCampaignWithProductTest -->
        <test-method is-config="true" signature="AM()[pri:0, instance:com.crm.campaign.CreateCampaignWithProductTest@3c7f66c4]" started-at="2022-10-18T12:01:30 IST" name="AM" finished-at="2022-10-18T12:01:31 IST" duration-ms="926" status="PASS">
          <reporter-output>
          </reporter-output>
        </test-method> <!-- AM -->
        <test-method is-config="true" signature="AC()[pri:0, instance:com.crm.campaign.CreateCampaignWithProductTest@3c7f66c4]" started-at="2022-10-18T12:01:31 IST" name="AC" finished-at="2022-10-18T12:01:31 IST" duration-ms="92" status="PASS">
          <reporter-output>
          </reporter-output>
        </test-method> <!-- AC -->
        <test-method is-config="true" signature="AT()[pri:0, instance:com.crm.campaign.CreateCampaignWithProductTest@3c7f66c4]" started-at="2022-10-18T12:02:10 IST" name="AT" finished-at="2022-10-18T12:02:10 IST" duration-ms="1" status="PASS">
          <reporter-output>
          </reporter-output>
        </test-method> <!-- AT -->
        <test-method is-config="true" signature="AS()[pri:0, instance:com.crm.campaign.CreateCampaignWithProductTest@3c7f66c4]" started-at="2022-10-18T12:02:10 IST" name="AS" finished-at="2022-10-18T12:02:10 IST" duration-ms="0" status="PASS">
          <reporter-output>
          </reporter-output>
        </test-method> <!-- AS -->
      </class> <!-- com.crm.campaign.CreateCampaignWithProductTest -->
      <class name="com.crm.product.CreateProductTest">
        <test-method is-config="true" signature="BC()[pri:0, instance:com.crm.product.CreateProductTest@1de5f259]" started-at="2022-10-18T12:01:42 IST" name="BC" finished-at="2022-10-18T12:01:42 IST" duration-ms="694" status="PASS">
          <reporter-output>
          </reporter-output>
        </test-method> <!-- BC -->
        <test-method is-config="true" signature="BM()[pri:0, instance:com.crm.product.CreateProductTest@1de5f259]" started-at="2022-10-18T12:01:42 IST" name="BM" finished-at="2022-10-18T12:01:45 IST" duration-ms="2274" status="PASS">
          <reporter-output>
          </reporter-output>
        </test-method> <!-- BM -->
        <test-method signature="createProductTest()[pri:0, instance:com.crm.product.CreateProductTest@1de5f259]" started-at="2022-10-18T12:01:45 IST" name="createProductTest" finished-at="2022-10-18T12:01:50 IST" duration-ms="5129" status="PASS">
          <reporter-output>
          </reporter-output>
        </test-method> <!-- createProductTest -->
        <test-method is-config="true" signature="AM()[pri:0, instance:com.crm.product.CreateProductTest@1de5f259]" started-at="2022-10-18T12:01:50 IST" name="AM" finished-at="2022-10-18T12:01:51 IST" duration-ms="911" status="PASS">
          <reporter-output>
          </reporter-output>
        </test-method> <!-- AM -->
        <test-method is-config="true" signature="AC()[pri:0, instance:com.crm.product.CreateProductTest@1de5f259]" started-at="2022-10-18T12:01:51 IST" name="AC" finished-at="2022-10-18T12:01:51 IST" duration-ms="96" status="PASS">
          <reporter-output>
          </reporter-output>
        </test-method> <!-- AC -->
      </class> <!-- com.crm.product.CreateProductTest -->
    </test> <!-- Test -->
  </suite> <!-- Suite -->
</testng-results>
