<?xml version="1.0" encoding="UTF-8"?>
<!-- Generated by org.testng.reporters.JUnitXMLReporter -->
<testsuite hostname="DESKTOP-IHIJH93" ignored="16" name="Command line test" tests="8" failures="0" timestamp="18 Oct 2022 06:36:55 GMT" time="133.841" errors="0">
  <testcase name="createCampaignTest" time="6.073" classname="com.crm.campaign.CreateCampaignTest"/>
  <testcase name="createCampaignWithProductTest" time="10.466" classname="com.crm.campaign.CreateCampaignWithProductTest"/>
  <testcase name="createOrganizationTest" time="5.93" classname="com.crm.organization.CreateOrganizationTest"/>
  <testcase name="createAndDeleteProductTest" time="5.186" classname="com.crm.product.CreateAndDeleteProductTest"/>
  <testcase name="createProductTest" time="5.253" classname="com.crm.product.CreateProductTest"/>
  <testcase name="companyDetails" time="9.073" classname="practice.DataProviderTest"/>
  <testcase name="companyDetails" time="8.9" classname="practice.DataProviderTest"/>
  <testcase name="companyDetails" time="9.195" classname="practice.DataProviderTest"/>
  <testcase name="@BeforeTest BT" time="0.0" classname="com.crm.Generic_utilities.BaseClass">
    <ignored/>
  </testcase> <!-- @BeforeTest BT -->
  <testcase name="@BeforeTest BT" time="0.0" classname="com.crm.Generic_utilities.BaseClass">
    <ignored/>
  </testcase> <!-- @BeforeTest BT -->
  <testcase name="@BeforeTest BT" time="0.0" classname="com.crm.Generic_utilities.BaseClass">
    <ignored/>
  </testcase> <!-- @BeforeTest BT -->
  <testcase name="@BeforeTest BT" time="0.0" classname="com.crm.Generic_utilities.BaseClass">
    <ignored/>
  </testcase> <!-- @BeforeTest BT -->
  <testcase name="@AfterSuite AS" time="0.0" classname="com.crm.Generic_utilities.BaseClass">
    <ignored/>
  </testcase> <!-- @AfterSuite AS -->
  <testcase name="@AfterSuite AS" time="0.0" classname="com.crm.Generic_utilities.BaseClass">
    <ignored/>
  </testcase> <!-- @AfterSuite AS -->
  <testcase name="@AfterSuite AS" time="0.0" classname="com.crm.Generic_utilities.BaseClass">
    <ignored/>
  </testcase> <!-- @AfterSuite AS -->
  <testcase name="@AfterSuite AS" time="0.0" classname="com.crm.Generic_utilities.BaseClass">
    <ignored/>
  </testcase> <!-- @AfterSuite AS -->
  <testcase name="@AfterTest AT" time="0.0" classname="com.crm.Generic_utilities.BaseClass">
    <ignored/>
  </testcase> <!-- @AfterTest AT -->
  <testcase name="@AfterTest AT" time="0.0" classname="com.crm.Generic_utilities.BaseClass">
    <ignored/>
  </testcase> <!-- @AfterTest AT -->
  <testcase name="@AfterTest AT" time="0.0" classname="com.crm.Generic_utilities.BaseClass">
    <ignored/>
  </testcase> <!-- @AfterTest AT -->
  <testcase name="@AfterTest AT" time="0.0" classname="com.crm.Generic_utilities.BaseClass">
    <ignored/>
  </testcase> <!-- @AfterTest AT -->
  <testcase name="@BeforeSuite BS" time="0.0" classname="com.crm.Generic_utilities.BaseClass">
    <ignored/>
  </testcase> <!-- @BeforeSuite BS -->
  <testcase name="@BeforeSuite BS" time="0.0" classname="com.crm.Generic_utilities.BaseClass">
    <ignored/>
  </testcase> <!-- @BeforeSuite BS -->
  <testcase name="@BeforeSuite BS" time="0.0" classname="com.crm.Generic_utilities.BaseClass">
    <ignored/>
  </testcase> <!-- @BeforeSuite BS -->
  <testcase name="@BeforeSuite BS" time="0.0" classname="com.crm.Generic_utilities.BaseClass">
    <ignored/>
  </testcase> <!-- @BeforeSuite BS -->
</testsuite> <!-- Command line test -->
